<?xml version="1.0" encoding="UTF-8"?>
<!-- Generated by org.testng.reporters.JUnitReportReporter -->
<testsuite skipped="0" hostname="user-PC" name="rahulshettyacademy.ScrollDemo" tests="1" failures="0" timestamp="15 Oct 2022 08:04:10 GMT" time="6.674" errors="0">
  <testcase name="ScrollDemoTest" time="6.674" classname="rahulshettyacademy.ScrollDemo"/>
</testsuite> <!-- rahulshettyacademy.ScrollDemo -->
