<?xml version="1.0" encoding="UTF-8"?>
<!-- Generated by org.testng.reporters.JUnitReportReporter -->
<testsuite skipped="0" hostname="user-PC" name="rahulshettyacademy.AppiumBasics" tests="1" failures="0" timestamp="15 Oct 2022 06:33:49 GMT" time="8.713" errors="0">
  <testcase name="WifiSettingsName" time="8.713" classname="rahulshettyacademy.AppiumBasics"/>
</testsuite> <!-- rahulshettyacademy.AppiumBasics -->
