<?xml version="1.0" encoding="UTF-8"?>
<!-- Generated by org.testng.reporters.JUnitReportReporter -->
<testsuite skipped="0" hostname="user-PC" name="rahulshettyacademy.eCommerce_tc_3" tests="1" failures="0" timestamp="18 Oct 2022 17:02:16 GMT" time="21.535" errors="0">
  <testcase name="FillForm" time="21.535" classname="rahulshettyacademy.eCommerce_tc_3"/>
</testsuite> <!-- rahulshettyacademy.eCommerce_tc_3 -->
