<?xml version="1.0" encoding="UTF-8"?>
<!-- Generated by org.testng.reporters.JUnitReportReporter -->
<testsuite skipped="0" hostname="user-PC" name="rahulshettyacademy.SwipeDemo" tests="1" failures="0" timestamp="15 Oct 2022 07:24:38 GMT" time="9.595" errors="0">
  <testcase name="SwipeDemoTest" time="9.595" classname="rahulshettyacademy.SwipeDemo"/>
</testsuite> <!-- rahulshettyacademy.SwipeDemo -->
