<?xml version="1.0" encoding="UTF-8"?>
<!-- Generated by org.testng.reporters.JUnitReportReporter -->
<testsuite skipped="0" hostname="user-PC" name="rahulshettyacademy.MobileBrowserTest" tests="1" failures="0" timestamp="19 Oct 2022 13:08:04 GMT" time="3.087" errors="0">
  <testcase name="browserTest" time="3.087" classname="rahulshettyacademy.MobileBrowserTest"/>
</testsuite> <!-- rahulshettyacademy.MobileBrowserTest -->
