<?xml version="1.0" encoding="UTF-8"?>
<!-- Generated by org.testng.reporters.JUnitReportReporter -->
<testsuite skipped="0" hostname="user-PC" name="rahulshettyacademy.DragDropDemo" tests="1" failures="0" timestamp="16 Oct 2022 10:50:45 GMT" time="5.951" errors="0">
  <testcase name="DragDropTest" time="5.951" classname="rahulshettyacademy.DragDropDemo"/>
</testsuite> <!-- rahulshettyacademy.DragDropDemo -->
