<?xml version="1.0" encoding="UTF-8"?>
<!-- Generated by org.testng.reporters.JUnitReportReporter -->
<testsuite skipped="0" hostname="user-PC" name="rahulshettyacademy.eCommerce_tc_4_Hybrid" tests="1" failures="0" timestamp="19 Oct 2022 10:09:19 GMT" time="41.309" errors="0">
  <testcase name="FillForm" time="41.309" classname="rahulshettyacademy.eCommerce_tc_4_Hybrid"/>
</testsuite> <!-- rahulshettyacademy.eCommerce_tc_4_Hybrid -->
